CRITICAL - 2024-02-20 12:25:04 --> Error: Class "App\Models\ModelBook" not found
in APPPATH\Controllers\Book.php on line 14.
 1 SYSTEMPATH\CodeIgniter.php(913): App\Controllers\Book->__construct()
 2 SYSTEMPATH\CodeIgniter.php(493): CodeIgniter\CodeIgniter->createController()
 3 SYSTEMPATH\CodeIgniter.php(361): CodeIgniter\CodeIgniter->handleRequest(null, Object(Config\Cache), false)
 4 FCPATH\index.php(79): CodeIgniter\CodeIgniter->run()
 5 SYSTEMPATH\Commands\Server\rewrite.php(47): require_once('C:\\xampp\\htdocs\\UNIBOOKSTORE\\public\\index.php')
CRITICAL - 2024-02-20 12:25:05 --> Error: Class "App\Models\ModelBook" not found
in APPPATH\Controllers\Book.php on line 14.
 1 SYSTEMPATH\CodeIgniter.php(913): App\Controllers\Book->__construct()
 2 SYSTEMPATH\CodeIgniter.php(493): CodeIgniter\CodeIgniter->createController()
 3 SYSTEMPATH\CodeIgniter.php(361): CodeIgniter\CodeIgniter->handleRequest(null, Object(Config\Cache), false)
 4 FCPATH\index.php(79): CodeIgniter\CodeIgniter->run()
 5 SYSTEMPATH\Commands\Server\rewrite.php(47): require_once('C:\\xampp\\htdocs\\UNIBOOKSTORE\\public\\index.php')
CRITICAL - 2024-02-20 12:25:06 --> Error: Class "App\Models\ModelBook" not found
in APPPATH\Controllers\Book.php on line 14.
 1 SYSTEMPATH\CodeIgniter.php(913): App\Controllers\Book->__construct()
 2 SYSTEMPATH\CodeIgniter.php(493): CodeIgniter\CodeIgniter->createController()
 3 SYSTEMPATH\CodeIgniter.php(361): CodeIgniter\CodeIgniter->handleRequest(null, Object(Config\Cache), false)
 4 FCPATH\index.php(79): CodeIgniter\CodeIgniter->run()
 5 SYSTEMPATH\Commands\Server\rewrite.php(47): require_once('C:\\xampp\\htdocs\\UNIBOOKSTORE\\public\\index.php')
CRITICAL - 2024-02-20 12:26:29 --> Error: Class "App\Models\ModelBook" not found
in APPPATH\Controllers\Book.php on line 14.
 1 SYSTEMPATH\CodeIgniter.php(913): App\Controllers\Book->__construct()
 2 SYSTEMPATH\CodeIgniter.php(493): CodeIgniter\CodeIgniter->createController()
 3 SYSTEMPATH\CodeIgniter.php(361): CodeIgniter\CodeIgniter->handleRequest(null, Object(Config\Cache), false)
 4 FCPATH\index.php(79): CodeIgniter\CodeIgniter->run()
 5 SYSTEMPATH\Commands\Server\rewrite.php(47): require_once('C:\\xampp\\htdocs\\UNIBOOKSTORE\\public\\index.php')
WARNING - 2024-02-20 12:27:09 --> [DEPRECATED] Creation of dynamic property App\Controllers\Book::$book is deprecated in APPPATH\Controllers\Book.php on line 14.
 1 SYSTEMPATH\CodeIgniter.php(913): App\Controllers\Book->__construct()
 2 SYSTEMPATH\CodeIgniter.php(493): CodeIgniter\CodeIgniter->createController()
 3 SYSTEMPATH\CodeIgniter.php(361): CodeIgniter\CodeIgniter->handleRequest(null, Object(Config\Cache), false)
 4 FCPATH\index.php(79): CodeIgniter\CodeIgniter->run()
 5 SYSTEMPATH\Commands\Server\rewrite.php(47): require_once('C:\\xampp\\htdocs\\UNIBOOKSTORE\\public\\index.php')
CRITICAL - 2024-02-20 12:27:09 --> BadMethodCallException: Call to undefined method App\Models\ModelBook::getBook
in SYSTEMPATH\Model.php on line 874.
 1 APPPATH\Controllers\Book.php(20): CodeIgniter\Model->__call('getBook', [])
 2 SYSTEMPATH\CodeIgniter.php(941): App\Controllers\Book->index()
 3 SYSTEMPATH\CodeIgniter.php(502): CodeIgniter\CodeIgniter->runController(Object(App\Controllers\Book))
 4 SYSTEMPATH\CodeIgniter.php(361): CodeIgniter\CodeIgniter->handleRequest(null, Object(Config\Cache), false)
 5 FCPATH\index.php(79): CodeIgniter\CodeIgniter->run()
 6 SYSTEMPATH\Commands\Server\rewrite.php(47): require_once('C:\\xampp\\htdocs\\UNIBOOKSTORE\\public\\index.php')
WARNING - 2024-02-20 12:27:12 --> [DEPRECATED] Creation of dynamic property App\Controllers\Book::$book is deprecated in APPPATH\Controllers\Book.php on line 14.
 1 SYSTEMPATH\CodeIgniter.php(913): App\Controllers\Book->__construct()
 2 SYSTEMPATH\CodeIgniter.php(493): CodeIgniter\CodeIgniter->createController()
 3 SYSTEMPATH\CodeIgniter.php(361): CodeIgniter\CodeIgniter->handleRequest(null, Object(Config\Cache), false)
 4 FCPATH\index.php(79): CodeIgniter\CodeIgniter->run()
 5 SYSTEMPATH\Commands\Server\rewrite.php(47): require_once('C:\\xampp\\htdocs\\UNIBOOKSTORE\\public\\index.php')
CRITICAL - 2024-02-20 12:27:12 --> BadMethodCallException: Call to undefined method App\Models\ModelBook::getBook
in SYSTEMPATH\Model.php on line 874.
 1 APPPATH\Controllers\Book.php(20): CodeIgniter\Model->__call('getBook', [])
 2 SYSTEMPATH\CodeIgniter.php(941): App\Controllers\Book->index()
 3 SYSTEMPATH\CodeIgniter.php(502): CodeIgniter\CodeIgniter->runController(Object(App\Controllers\Book))
 4 SYSTEMPATH\CodeIgniter.php(361): CodeIgniter\CodeIgniter->handleRequest(null, Object(Config\Cache), false)
 5 FCPATH\index.php(79): CodeIgniter\CodeIgniter->run()
 6 SYSTEMPATH\Commands\Server\rewrite.php(47): require_once('C:\\xampp\\htdocs\\UNIBOOKSTORE\\public\\index.php')
WARNING - 2024-02-20 12:29:30 --> [DEPRECATED] Creation of dynamic property App\Controllers\Book::$book is deprecated in APPPATH\Controllers\Book.php on line 14.
 1 SYSTEMPATH\CodeIgniter.php(913): App\Controllers\Book->__construct()
 2 SYSTEMPATH\CodeIgniter.php(493): CodeIgniter\CodeIgniter->createController()
 3 SYSTEMPATH\CodeIgniter.php(361): CodeIgniter\CodeIgniter->handleRequest(null, Object(Config\Cache), false)
 4 FCPATH\index.php(79): CodeIgniter\CodeIgniter->run()
 5 SYSTEMPATH\Commands\Server\rewrite.php(47): require_once('C:\\xampp\\htdocs\\UNIBOOKSTORE\\public\\index.php')
CRITICAL - 2024-02-20 12:29:30 --> BadMethodCallException: Call to undefined method App\Models\ModelBook::getBook
in SYSTEMPATH\Model.php on line 874.
 1 APPPATH\Controllers\Book.php(20): CodeIgniter\Model->__call('getBook', [])
 2 SYSTEMPATH\CodeIgniter.php(941): App\Controllers\Book->index()
 3 SYSTEMPATH\CodeIgniter.php(502): CodeIgniter\CodeIgniter->runController(Object(App\Controllers\Book))
 4 SYSTEMPATH\CodeIgniter.php(361): CodeIgniter\CodeIgniter->handleRequest(null, Object(Config\Cache), false)
 5 FCPATH\index.php(79): CodeIgniter\CodeIgniter->run()
 6 SYSTEMPATH\Commands\Server\rewrite.php(47): require_once('C:\\xampp\\htdocs\\UNIBOOKSTORE\\public\\index.php')
WARNING - 2024-02-20 12:29:32 --> [DEPRECATED] Creation of dynamic property App\Controllers\Book::$book is deprecated in APPPATH\Controllers\Book.php on line 14.
 1 SYSTEMPATH\CodeIgniter.php(913): App\Controllers\Book->__construct()
 2 SYSTEMPATH\CodeIgniter.php(493): CodeIgniter\CodeIgniter->createController()
 3 SYSTEMPATH\CodeIgniter.php(361): CodeIgniter\CodeIgniter->handleRequest(null, Object(Config\Cache), false)
 4 FCPATH\index.php(79): CodeIgniter\CodeIgniter->run()
 5 SYSTEMPATH\Commands\Server\rewrite.php(47): require_once('C:\\xampp\\htdocs\\UNIBOOKSTORE\\public\\index.php')
CRITICAL - 2024-02-20 12:29:32 --> BadMethodCallException: Call to undefined method App\Models\ModelBook::getBook
in SYSTEMPATH\Model.php on line 874.
 1 APPPATH\Controllers\Book.php(20): CodeIgniter\Model->__call('getBook', [])
 2 SYSTEMPATH\CodeIgniter.php(941): App\Controllers\Book->index()
 3 SYSTEMPATH\CodeIgniter.php(502): CodeIgniter\CodeIgniter->runController(Object(App\Controllers\Book))
 4 SYSTEMPATH\CodeIgniter.php(361): CodeIgniter\CodeIgniter->handleRequest(null, Object(Config\Cache), false)
 5 FCPATH\index.php(79): CodeIgniter\CodeIgniter->run()
 6 SYSTEMPATH\Commands\Server\rewrite.php(47): require_once('C:\\xampp\\htdocs\\UNIBOOKSTORE\\public\\index.php')
WARNING - 2024-02-20 12:30:25 --> [DEPRECATED] Creation of dynamic property App\Controllers\Book::$book is deprecated in APPPATH\Controllers\Book.php on line 14.
 1 SYSTEMPATH\CodeIgniter.php(913): App\Controllers\Book->__construct()
 2 SYSTEMPATH\CodeIgniter.php(493): CodeIgniter\CodeIgniter->createController()
 3 SYSTEMPATH\CodeIgniter.php(361): CodeIgniter\CodeIgniter->handleRequest(null, Object(Config\Cache), false)
 4 FCPATH\index.php(79): CodeIgniter\CodeIgniter->run()
 5 SYSTEMPATH\Commands\Server\rewrite.php(47): require_once('C:\\xampp\\htdocs\\UNIBOOKSTORE\\public\\index.php')
CRITICAL - 2024-02-20 12:30:25 --> BadMethodCallException: Call to undefined method App\Models\ModelBook::getBook
in SYSTEMPATH\Model.php on line 874.
 1 APPPATH\Controllers\Book.php(20): CodeIgniter\Model->__call('getBook', [])
 2 SYSTEMPATH\CodeIgniter.php(941): App\Controllers\Book->index()
 3 SYSTEMPATH\CodeIgniter.php(502): CodeIgniter\CodeIgniter->runController(Object(App\Controllers\Book))
 4 SYSTEMPATH\CodeIgniter.php(361): CodeIgniter\CodeIgniter->handleRequest(null, Object(Config\Cache), false)
 5 FCPATH\index.php(79): CodeIgniter\CodeIgniter->run()
 6 SYSTEMPATH\Commands\Server\rewrite.php(47): require_once('C:\\xampp\\htdocs\\UNIBOOKSTORE\\public\\index.php')
WARNING - 2024-02-20 12:30:26 --> [DEPRECATED] Creation of dynamic property App\Controllers\Book::$book is deprecated in APPPATH\Controllers\Book.php on line 14.
 1 SYSTEMPATH\CodeIgniter.php(913): App\Controllers\Book->__construct()
 2 SYSTEMPATH\CodeIgniter.php(493): CodeIgniter\CodeIgniter->createController()
 3 SYSTEMPATH\CodeIgniter.php(361): CodeIgniter\CodeIgniter->handleRequest(null, Object(Config\Cache), false)
 4 FCPATH\index.php(79): CodeIgniter\CodeIgniter->run()
 5 SYSTEMPATH\Commands\Server\rewrite.php(47): require_once('C:\\xampp\\htdocs\\UNIBOOKSTORE\\public\\index.php')
CRITICAL - 2024-02-20 12:30:26 --> BadMethodCallException: Call to undefined method App\Models\ModelBook::getBook
in SYSTEMPATH\Model.php on line 874.
 1 APPPATH\Controllers\Book.php(20): CodeIgniter\Model->__call('getBook', [])
 2 SYSTEMPATH\CodeIgniter.php(941): App\Controllers\Book->index()
 3 SYSTEMPATH\CodeIgniter.php(502): CodeIgniter\CodeIgniter->runController(Object(App\Controllers\Book))
 4 SYSTEMPATH\CodeIgniter.php(361): CodeIgniter\CodeIgniter->handleRequest(null, Object(Config\Cache), false)
 5 FCPATH\index.php(79): CodeIgniter\CodeIgniter->run()
 6 SYSTEMPATH\Commands\Server\rewrite.php(47): require_once('C:\\xampp\\htdocs\\UNIBOOKSTORE\\public\\index.php')
WARNING - 2024-02-20 12:30:26 --> [DEPRECATED] Creation of dynamic property App\Controllers\Book::$book is deprecated in APPPATH\Controllers\Book.php on line 14.
 1 SYSTEMPATH\CodeIgniter.php(913): App\Controllers\Book->__construct()
 2 SYSTEMPATH\CodeIgniter.php(493): CodeIgniter\CodeIgniter->createController()
 3 SYSTEMPATH\CodeIgniter.php(361): CodeIgniter\CodeIgniter->handleRequest(null, Object(Config\Cache), false)
 4 FCPATH\index.php(79): CodeIgniter\CodeIgniter->run()
 5 SYSTEMPATH\Commands\Server\rewrite.php(47): require_once('C:\\xampp\\htdocs\\UNIBOOKSTORE\\public\\index.php')
CRITICAL - 2024-02-20 12:30:26 --> BadMethodCallException: Call to undefined method App\Models\ModelBook::getBook
in SYSTEMPATH\Model.php on line 874.
 1 APPPATH\Controllers\Book.php(20): CodeIgniter\Model->__call('getBook', [])
 2 SYSTEMPATH\CodeIgniter.php(941): App\Controllers\Book->index()
 3 SYSTEMPATH\CodeIgniter.php(502): CodeIgniter\CodeIgniter->runController(Object(App\Controllers\Book))
 4 SYSTEMPATH\CodeIgniter.php(361): CodeIgniter\CodeIgniter->handleRequest(null, Object(Config\Cache), false)
 5 FCPATH\index.php(79): CodeIgniter\CodeIgniter->run()
 6 SYSTEMPATH\Commands\Server\rewrite.php(47): require_once('C:\\xampp\\htdocs\\UNIBOOKSTORE\\public\\index.php')
WARNING - 2024-02-20 12:31:08 --> [DEPRECATED] Creation of dynamic property App\Controllers\Book::$book is deprecated in APPPATH\Controllers\Book.php on line 14.
 1 SYSTEMPATH\CodeIgniter.php(913): App\Controllers\Book->__construct()
 2 SYSTEMPATH\CodeIgniter.php(493): CodeIgniter\CodeIgniter->createController()
 3 SYSTEMPATH\CodeIgniter.php(361): CodeIgniter\CodeIgniter->handleRequest(null, Object(Config\Cache), false)
 4 FCPATH\index.php(79): CodeIgniter\CodeIgniter->run()
 5 SYSTEMPATH\Commands\Server\rewrite.php(47): require_once('C:\\xampp\\htdocs\\UNIBOOKSTORE\\public\\index.php')
CRITICAL - 2024-02-20 12:31:08 --> Error: Call to undefined function set_value()
in APPPATH\Views\Book\index.php on line 20.
 1 SYSTEMPATH\View\View.php(228): include()
 2 SYSTEMPATH\View\View.php(231): CodeIgniter\View\View->CodeIgniter\View\{closure}()
 3 SYSTEMPATH\Common.php(1178): CodeIgniter\View\View->render('book/index', [], true)
 4 APPPATH\Controllers\Book.php(21): view('book/index', [...])
 5 SYSTEMPATH\CodeIgniter.php(941): App\Controllers\Book->index()
 6 SYSTEMPATH\CodeIgniter.php(502): CodeIgniter\CodeIgniter->runController(Object(App\Controllers\Book))
 7 SYSTEMPATH\CodeIgniter.php(361): CodeIgniter\CodeIgniter->handleRequest(null, Object(Config\Cache), false)
 8 FCPATH\index.php(79): CodeIgniter\CodeIgniter->run()
 9 SYSTEMPATH\Commands\Server\rewrite.php(47): require_once('C:\\xampp\\htdocs\\UNIBOOKSTORE\\public\\index.php')
WARNING - 2024-02-20 12:33:04 --> [DEPRECATED] Creation of dynamic property App\Controllers\Book::$book is deprecated in APPPATH\Controllers\Book.php on line 14.
 1 SYSTEMPATH\CodeIgniter.php(913): App\Controllers\Book->__construct()
 2 SYSTEMPATH\CodeIgniter.php(493): CodeIgniter\CodeIgniter->createController()
 3 SYSTEMPATH\CodeIgniter.php(361): CodeIgniter\CodeIgniter->handleRequest(null, Object(Config\Cache), false)
 4 FCPATH\index.php(79): CodeIgniter\CodeIgniter->run()
 5 SYSTEMPATH\Commands\Server\rewrite.php(47): require_once('C:\\xampp\\htdocs\\UNIBOOKSTORE\\public\\index.php')
INFO - 2024-02-20 12:33:04 --> Session: Class initialized using 'CodeIgniter\Session\Handlers\FileHandler' driver.
WARNING - 2024-02-20 12:33:04 --> [DEPRECATED] Creation of dynamic property App\Controllers\Book::$session is deprecated in APPPATH\Controllers\Book.php on line 16.
 1 SYSTEMPATH\CodeIgniter.php(913): App\Controllers\Book->__construct()
 2 SYSTEMPATH\CodeIgniter.php(493): CodeIgniter\CodeIgniter->createController()
 3 SYSTEMPATH\CodeIgniter.php(361): CodeIgniter\CodeIgniter->handleRequest(null, Object(Config\Cache), false)
 4 FCPATH\index.php(79): CodeIgniter\CodeIgniter->run()
 5 SYSTEMPATH\Commands\Server\rewrite.php(47): require_once('C:\\xampp\\htdocs\\UNIBOOKSTORE\\public\\index.php')
CRITICAL - 2024-02-20 12:33:04 --> Error: Call to undefined function set_value()
in APPPATH\Views\Book\index.php on line 20.
 1 SYSTEMPATH\View\View.php(228): include()
 2 SYSTEMPATH\View\View.php(231): CodeIgniter\View\View->CodeIgniter\View\{closure}()
 3 SYSTEMPATH\Common.php(1178): CodeIgniter\View\View->render('book/index', [], true)
 4 APPPATH\Controllers\Book.php(22): view('book/index', [...])
 5 SYSTEMPATH\CodeIgniter.php(941): App\Controllers\Book->index()
 6 SYSTEMPATH\CodeIgniter.php(502): CodeIgniter\CodeIgniter->runController(Object(App\Controllers\Book))
 7 SYSTEMPATH\CodeIgniter.php(361): CodeIgniter\CodeIgniter->handleRequest(null, Object(Config\Cache), false)
 8 FCPATH\index.php(79): CodeIgniter\CodeIgniter->run()
 9 SYSTEMPATH\Commands\Server\rewrite.php(47): require_once('C:\\xampp\\htdocs\\UNIBOOKSTORE\\public\\index.php')
WARNING - 2024-02-20 12:33:05 --> [DEPRECATED] Creation of dynamic property App\Controllers\Book::$book is deprecated in APPPATH\Controllers\Book.php on line 14.
 1 SYSTEMPATH\CodeIgniter.php(913): App\Controllers\Book->__construct()
 2 SYSTEMPATH\CodeIgniter.php(493): CodeIgniter\CodeIgniter->createController()
 3 SYSTEMPATH\CodeIgniter.php(361): CodeIgniter\CodeIgniter->handleRequest(null, Object(Config\Cache), false)
 4 FCPATH\index.php(79): CodeIgniter\CodeIgniter->run()
 5 SYSTEMPATH\Commands\Server\rewrite.php(47): require_once('C:\\xampp\\htdocs\\UNIBOOKSTORE\\public\\index.php')
INFO - 2024-02-20 12:33:05 --> Session: Class initialized using 'CodeIgniter\Session\Handlers\FileHandler' driver.
WARNING - 2024-02-20 12:33:05 --> [DEPRECATED] Creation of dynamic property App\Controllers\Book::$session is deprecated in APPPATH\Controllers\Book.php on line 16.
 1 SYSTEMPATH\CodeIgniter.php(913): App\Controllers\Book->__construct()
 2 SYSTEMPATH\CodeIgniter.php(493): CodeIgniter\CodeIgniter->createController()
 3 SYSTEMPATH\CodeIgniter.php(361): CodeIgniter\CodeIgniter->handleRequest(null, Object(Config\Cache), false)
 4 FCPATH\index.php(79): CodeIgniter\CodeIgniter->run()
 5 SYSTEMPATH\Commands\Server\rewrite.php(47): require_once('C:\\xampp\\htdocs\\UNIBOOKSTORE\\public\\index.php')
CRITICAL - 2024-02-20 12:33:05 --> Error: Call to undefined function set_value()
in APPPATH\Views\Book\index.php on line 20.
 1 SYSTEMPATH\View\View.php(228): include()
 2 SYSTEMPATH\View\View.php(231): CodeIgniter\View\View->CodeIgniter\View\{closure}()
 3 SYSTEMPATH\Common.php(1178): CodeIgniter\View\View->render('book/index', [], true)
 4 APPPATH\Controllers\Book.php(22): view('book/index', [...])
 5 SYSTEMPATH\CodeIgniter.php(941): App\Controllers\Book->index()
 6 SYSTEMPATH\CodeIgniter.php(502): CodeIgniter\CodeIgniter->runController(Object(App\Controllers\Book))
 7 SYSTEMPATH\CodeIgniter.php(361): CodeIgniter\CodeIgniter->handleRequest(null, Object(Config\Cache), false)
 8 FCPATH\index.php(79): CodeIgniter\CodeIgniter->run()
 9 SYSTEMPATH\Commands\Server\rewrite.php(47): require_once('C:\\xampp\\htdocs\\UNIBOOKSTORE\\public\\index.php')
WARNING - 2024-02-20 12:43:02 --> [DEPRECATED] Creation of dynamic property App\Controllers\Book::$book is deprecated in APPPATH\Controllers\Book.php on line 14.
 1 SYSTEMPATH\CodeIgniter.php(913): App\Controllers\Book->__construct()
 2 SYSTEMPATH\CodeIgniter.php(493): CodeIgniter\CodeIgniter->createController()
 3 SYSTEMPATH\CodeIgniter.php(361): CodeIgniter\CodeIgniter->handleRequest(null, Object(Config\Cache), false)
 4 FCPATH\index.php(79): CodeIgniter\CodeIgniter->run()
 5 SYSTEMPATH\Commands\Server\rewrite.php(47): require_once('C:\\xampp\\htdocs\\UNIBOOKSTORE\\public\\index.php')
INFO - 2024-02-20 12:43:02 --> Session: Class initialized using 'CodeIgniter\Session\Handlers\FileHandler' driver.
WARNING - 2024-02-20 12:43:02 --> [DEPRECATED] Creation of dynamic property App\Controllers\Book::$session is deprecated in APPPATH\Controllers\Book.php on line 16.
 1 SYSTEMPATH\CodeIgniter.php(913): App\Controllers\Book->__construct()
 2 SYSTEMPATH\CodeIgniter.php(493): CodeIgniter\CodeIgniter->createController()
 3 SYSTEMPATH\CodeIgniter.php(361): CodeIgniter\CodeIgniter->handleRequest(null, Object(Config\Cache), false)
 4 FCPATH\index.php(79): CodeIgniter\CodeIgniter->run()
 5 SYSTEMPATH\Commands\Server\rewrite.php(47): require_once('C:\\xampp\\htdocs\\UNIBOOKSTORE\\public\\index.php')
WARNING - 2024-02-20 12:46:55 --> [DEPRECATED] Creation of dynamic property App\Controllers\Book::$book is deprecated in APPPATH\Controllers\Book.php on line 14.
 1 SYSTEMPATH\CodeIgniter.php(913): App\Controllers\Book->__construct()
 2 SYSTEMPATH\CodeIgniter.php(493): CodeIgniter\CodeIgniter->createController()
 3 SYSTEMPATH\CodeIgniter.php(361): CodeIgniter\CodeIgniter->handleRequest(null, Object(Config\Cache), false)
 4 FCPATH\index.php(79): CodeIgniter\CodeIgniter->run()
 5 SYSTEMPATH\Commands\Server\rewrite.php(47): require_once('C:\\xampp\\htdocs\\UNIBOOKSTORE\\public\\index.php')
INFO - 2024-02-20 12:46:55 --> Session: Class initialized using 'CodeIgniter\Session\Handlers\FileHandler' driver.
WARNING - 2024-02-20 12:46:56 --> [DEPRECATED] Creation of dynamic property App\Controllers\Book::$book is deprecated in APPPATH\Controllers\Book.php on line 14.
 1 SYSTEMPATH\CodeIgniter.php(913): App\Controllers\Book->__construct()
 2 SYSTEMPATH\CodeIgniter.php(493): CodeIgniter\CodeIgniter->createController()
 3 SYSTEMPATH\CodeIgniter.php(361): CodeIgniter\CodeIgniter->handleRequest(null, Object(Config\Cache), false)
 4 FCPATH\index.php(79): CodeIgniter\CodeIgniter->run()
 5 SYSTEMPATH\Commands\Server\rewrite.php(47): require_once('C:\\xampp\\htdocs\\UNIBOOKSTORE\\public\\index.php')
INFO - 2024-02-20 12:46:56 --> Session: Class initialized using 'CodeIgniter\Session\Handlers\FileHandler' driver.
WARNING - 2024-02-20 12:46:56 --> [DEPRECATED] Creation of dynamic property App\Controllers\Book::$book is deprecated in APPPATH\Controllers\Book.php on line 14.
 1 SYSTEMPATH\CodeIgniter.php(913): App\Controllers\Book->__construct()
 2 SYSTEMPATH\CodeIgniter.php(493): CodeIgniter\CodeIgniter->createController()
 3 SYSTEMPATH\CodeIgniter.php(361): CodeIgniter\CodeIgniter->handleRequest(null, Object(Config\Cache), false)
 4 FCPATH\index.php(79): CodeIgniter\CodeIgniter->run()
 5 SYSTEMPATH\Commands\Server\rewrite.php(47): require_once('C:\\xampp\\htdocs\\UNIBOOKSTORE\\public\\index.php')
INFO - 2024-02-20 12:46:56 --> Session: Class initialized using 'CodeIgniter\Session\Handlers\FileHandler' driver.
INFO - 2024-02-20 12:49:10 --> Session: Class initialized using 'CodeIgniter\Session\Handlers\FileHandler' driver.
INFO - 2024-02-20 12:49:12 --> Session: Class initialized using 'CodeIgniter\Session\Handlers\FileHandler' driver.
INFO - 2024-02-20 12:49:57 --> Session: Class initialized using 'CodeIgniter\Session\Handlers\FileHandler' driver.
INFO - 2024-02-20 12:49:57 --> Session: Class initialized using 'CodeIgniter\Session\Handlers\FileHandler' driver.
INFO - 2024-02-20 12:50:56 --> Session: Class initialized using 'CodeIgniter\Session\Handlers\FileHandler' driver.
INFO - 2024-02-20 12:50:57 --> Session: Class initialized using 'CodeIgniter\Session\Handlers\FileHandler' driver.
INFO - 2024-02-20 12:50:57 --> Session: Class initialized using 'CodeIgniter\Session\Handlers\FileHandler' driver.
INFO - 2024-02-20 12:50:58 --> Session: Class initialized using 'CodeIgniter\Session\Handlers\FileHandler' driver.
INFO - 2024-02-20 12:50:58 --> Session: Class initialized using 'CodeIgniter\Session\Handlers\FileHandler' driver.
INFO - 2024-02-20 12:50:59 --> Session: Class initialized using 'CodeIgniter\Session\Handlers\FileHandler' driver.
INFO - 2024-02-20 12:50:59 --> Session: Class initialized using 'CodeIgniter\Session\Handlers\FileHandler' driver.
INFO - 2024-02-20 12:51:00 --> Session: Class initialized using 'CodeIgniter\Session\Handlers\FileHandler' driver.
CRITICAL - 2024-02-20 12:53:45 --> CodeIgniter\View\Exceptions\ViewException: Invalid file: "book/allbook.php"
in SYSTEMPATH\Exceptions\FrameworkException.php on line 39.
 1 SYSTEMPATH\View\View.php(216): CodeIgniter\Exceptions\FrameworkException::forInvalidFile('book/allbook.php')
 2 SYSTEMPATH\Common.php(1178): CodeIgniter\View\View->render('book/allbook', [], true)
 3 APPPATH\Controllers\Book.php(27): view('book/allbook', [...])
 4 SYSTEMPATH\CodeIgniter.php(941): App\Controllers\Book->all()
 5 SYSTEMPATH\CodeIgniter.php(502): CodeIgniter\CodeIgniter->runController(Object(App\Controllers\Book))
 6 SYSTEMPATH\CodeIgniter.php(361): CodeIgniter\CodeIgniter->handleRequest(null, Object(Config\Cache), false)
 7 FCPATH\index.php(79): CodeIgniter\CodeIgniter->run()
 8 SYSTEMPATH\Commands\Server\rewrite.php(47): require_once('C:\\xampp\\htdocs\\UNIBOOKSTORE\\public\\index.php')
INFO - 2024-02-20 12:54:19 --> Session: Class initialized using 'CodeIgniter\Session\Handlers\FileHandler' driver.
INFO - 2024-02-20 12:55:45 --> Session: Class initialized using 'CodeIgniter\Session\Handlers\FileHandler' driver.
INFO - 2024-02-20 12:55:46 --> Session: Class initialized using 'CodeIgniter\Session\Handlers\FileHandler' driver.
INFO - 2024-02-20 12:55:47 --> Session: Class initialized using 'CodeIgniter\Session\Handlers\FileHandler' driver.
INFO - 2024-02-20 12:55:47 --> Session: Class initialized using 'CodeIgniter\Session\Handlers\FileHandler' driver.
INFO - 2024-02-20 12:55:49 --> Session: Class initialized using 'CodeIgniter\Session\Handlers\FileHandler' driver.
INFO - 2024-02-20 12:55:50 --> Session: Class initialized using 'CodeIgniter\Session\Handlers\FileHandler' driver.
INFO - 2024-02-20 12:55:50 --> Session: Class initialized using 'CodeIgniter\Session\Handlers\FileHandler' driver.
CRITICAL - 2024-02-20 12:59:21 --> CodeIgniter\Exceptions\ModelException: You cannot use "getCompiledSelect()" in "App\Models\ModelBook". This is a method of the Query Builder Class.
in SYSTEMPATH\Model.php on line 890.
 1 SYSTEMPATH\Model.php(890): CodeIgniter\Exceptions\ModelException::forMethodNotAvailable('App\\Models\\ModelBook', 'getCompiledSelect()')
 2 SYSTEMPATH\Model.php(870): CodeIgniter\Model->checkBuilderMethod('getCompiledSelect')
 3 APPPATH\Models\ModelBook.php(15): CodeIgniter\Model->__call('getCompiledSelect', [])
 4 APPPATH\Controllers\Book.php(20): App\Models\ModelBook->getAllData()
 5 SYSTEMPATH\CodeIgniter.php(941): App\Controllers\Book->index()
 6 SYSTEMPATH\CodeIgniter.php(502): CodeIgniter\CodeIgniter->runController(Object(App\Controllers\Book))
 7 SYSTEMPATH\CodeIgniter.php(361): CodeIgniter\CodeIgniter->handleRequest(null, Object(Config\Cache), false)
 8 FCPATH\index.php(79): CodeIgniter\CodeIgniter->run()
 9 SYSTEMPATH\Commands\Server\rewrite.php(47): require_once('C:\\xampp\\htdocs\\UNIBOOKSTORE\\public\\index.php')
INFO - 2024-02-20 13:03:00 --> Session: Class initialized using 'CodeIgniter\Session\Handlers\FileHandler' driver.
INFO - 2024-02-20 13:03:01 --> Session: Class initialized using 'CodeIgniter\Session\Handlers\FileHandler' driver.
INFO - 2024-02-20 13:03:01 --> Session: Class initialized using 'CodeIgniter\Session\Handlers\FileHandler' driver.
INFO - 2024-02-20 13:03:54 --> Session: Class initialized using 'CodeIgniter\Session\Handlers\FileHandler' driver.
INFO - 2024-02-20 13:03:55 --> Session: Class initialized using 'CodeIgniter\Session\Handlers\FileHandler' driver.
INFO - 2024-02-20 13:03:56 --> Session: Class initialized using 'CodeIgniter\Session\Handlers\FileHandler' driver.
INFO - 2024-02-20 13:03:56 --> Session: Class initialized using 'CodeIgniter\Session\Handlers\FileHandler' driver.
INFO - 2024-02-20 13:03:56 --> Session: Class initialized using 'CodeIgniter\Session\Handlers\FileHandler' driver.
INFO - 2024-02-20 13:04:12 --> Session: Class initialized using 'CodeIgniter\Session\Handlers\FileHandler' driver.
INFO - 2024-02-20 13:04:13 --> Session: Class initialized using 'CodeIgniter\Session\Handlers\FileHandler' driver.
INFO - 2024-02-20 13:04:13 --> Session: Class initialized using 'CodeIgniter\Session\Handlers\FileHandler' driver.
INFO - 2024-02-20 13:05:21 --> Session: Class initialized using 'CodeIgniter\Session\Handlers\FileHandler' driver.
INFO - 2024-02-20 13:05:22 --> Session: Class initialized using 'CodeIgniter\Session\Handlers\FileHandler' driver.
ERROR - 2024-02-20 13:05:27 --> Error connecting to the database: mysqli_sql_exception: Unknown database 'data' in C:\xampp\htdocs\UNIBOOKSTORE\system\Database\MySQLi\Connection.php:184
Stack trace:
#0 C:\xampp\htdocs\UNIBOOKSTORE\system\Database\MySQLi\Connection.php(184): mysqli->real_connect('localhost', 'root', Object(SensitiveParameterValue), 'data', 3306, '', 0)
#1 C:\xampp\htdocs\UNIBOOKSTORE\system\Database\BaseConnection.php(392): CodeIgniter\Database\MySQLi\Connection->connect(false)
#2 C:\xampp\htdocs\UNIBOOKSTORE\system\Database\BaseConnection.php(575): CodeIgniter\Database\BaseConnection->initialize()
#3 C:\xampp\htdocs\UNIBOOKSTORE\system\Database\BaseBuilder.php(1616): CodeIgniter\Database\BaseConnection->query('SELECT *\nFROM `...', Array, false)
#4 C:\xampp\htdocs\UNIBOOKSTORE\system\Model.php(242): CodeIgniter\Database\BaseBuilder->get()
#5 C:\xampp\htdocs\UNIBOOKSTORE\system\BaseModel.php(638): CodeIgniter\Model->doFindAll(0, 0)
#6 C:\xampp\htdocs\UNIBOOKSTORE\app\Models\ModelBook.php(15): CodeIgniter\BaseModel->findAll()
#7 C:\xampp\htdocs\UNIBOOKSTORE\app\Controllers\Book.php(20): App\Models\ModelBook->getAllData()
#8 C:\xampp\htdocs\UNIBOOKSTORE\system\CodeIgniter.php(941): App\Controllers\Book->index()
#9 C:\xampp\htdocs\UNIBOOKSTORE\system\CodeIgniter.php(502): CodeIgniter\CodeIgniter->runController(Object(App\Controllers\Book))
#10 C:\xampp\htdocs\UNIBOOKSTORE\system\CodeIgniter.php(361): CodeIgniter\CodeIgniter->handleRequest(NULL, Object(Config\Cache), false)
#11 C:\xampp\htdocs\UNIBOOKSTORE\public\index.php(79): CodeIgniter\CodeIgniter->run()
#12 C:\xampp\htdocs\UNIBOOKSTORE\system\Commands\Server\rewrite.php(47): require_once('C:\\xampp\\htdocs...')
#13 {main}

Next CodeIgniter\Database\Exceptions\DatabaseException: Unknown database 'data' in C:\xampp\htdocs\UNIBOOKSTORE\system\Database\MySQLi\Connection.php:229
Stack trace:
#0 C:\xampp\htdocs\UNIBOOKSTORE\system\Database\BaseConnection.php(392): CodeIgniter\Database\MySQLi\Connection->connect(false)
#1 C:\xampp\htdocs\UNIBOOKSTORE\system\Database\BaseConnection.php(575): CodeIgniter\Database\BaseConnection->initialize()
#2 C:\xampp\htdocs\UNIBOOKSTORE\system\Database\BaseBuilder.php(1616): CodeIgniter\Database\BaseConnection->query('SELECT *\nFROM `...', Array, false)
#3 C:\xampp\htdocs\UNIBOOKSTORE\system\Model.php(242): CodeIgniter\Database\BaseBuilder->get()
#4 C:\xampp\htdocs\UNIBOOKSTORE\system\BaseModel.php(638): CodeIgniter\Model->doFindAll(0, 0)
#5 C:\xampp\htdocs\UNIBOOKSTORE\app\Models\ModelBook.php(15): CodeIgniter\BaseModel->findAll()
#6 C:\xampp\htdocs\UNIBOOKSTORE\app\Controllers\Book.php(20): App\Models\ModelBook->getAllData()
#7 C:\xampp\htdocs\UNIBOOKSTORE\system\CodeIgniter.php(941): App\Controllers\Book->index()
#8 C:\xampp\htdocs\UNIBOOKSTORE\system\CodeIgniter.php(502): CodeIgniter\CodeIgniter->runController(Object(App\Controllers\Book))
#9 C:\xampp\htdocs\UNIBOOKSTORE\system\CodeIgniter.php(361): CodeIgniter\CodeIgniter->handleRequest(NULL, Object(Config\Cache), false)
#10 C:\xampp\htdocs\UNIBOOKSTORE\public\index.php(79): CodeIgniter\CodeIgniter->run()
#11 C:\xampp\htdocs\UNIBOOKSTORE\system\Commands\Server\rewrite.php(47): require_once('C:\\xampp\\htdocs...')
#12 {main}
CRITICAL - 2024-02-20 13:05:27 --> CodeIgniter\Database\Exceptions\DatabaseException: Unable to connect to the database.
Main connection [MySQLi]: Unknown database 'data'
in SYSTEMPATH\Database\BaseConnection.php on line 428.
 1 SYSTEMPATH\Database\BaseConnection.php(575): CodeIgniter\Database\BaseConnection->initialize()
 2 SYSTEMPATH\Database\BaseBuilder.php(1616): CodeIgniter\Database\BaseConnection->query('SELECT *
FROM `buku`
JOIN `penerbit` ON `buku`.`ID_Penerbit` = `penerbit`.`ID_Penerbit`', [], false)
 3 SYSTEMPATH\Model.php(242): CodeIgniter\Database\BaseBuilder->get()
 4 SYSTEMPATH\BaseModel.php(638): CodeIgniter\Model->doFindAll(0, 0)
 5 APPPATH\Models\ModelBook.php(15): CodeIgniter\BaseModel->findAll()
 6 APPPATH\Controllers\Book.php(20): App\Models\ModelBook->getAllData()
 7 SYSTEMPATH\CodeIgniter.php(941): App\Controllers\Book->index()
 8 SYSTEMPATH\CodeIgniter.php(502): CodeIgniter\CodeIgniter->runController(Object(App\Controllers\Book))
 9 SYSTEMPATH\CodeIgniter.php(361): CodeIgniter\CodeIgniter->handleRequest(null, Object(Config\Cache), false)
10 FCPATH\index.php(79): CodeIgniter\CodeIgniter->run()
11 SYSTEMPATH\Commands\Server\rewrite.php(47): require_once('C:\\xampp\\htdocs\\UNIBOOKSTORE\\public\\index.php')
INFO - 2024-02-20 13:05:52 --> Session: Class initialized using 'CodeIgniter\Session\Handlers\FileHandler' driver.
INFO - 2024-02-20 13:06:58 --> Session: Class initialized using 'CodeIgniter\Session\Handlers\FileHandler' driver.
INFO - 2024-02-20 13:07:13 --> Session: Class initialized using 'CodeIgniter\Session\Handlers\FileHandler' driver.
INFO - 2024-02-20 13:08:06 --> Session: Class initialized using 'CodeIgniter\Session\Handlers\FileHandler' driver.
INFO - 2024-02-20 13:08:30 --> Session: Class initialized using 'CodeIgniter\Session\Handlers\FileHandler' driver.
INFO - 2024-02-20 13:09:06 --> Session: Class initialized using 'CodeIgniter\Session\Handlers\FileHandler' driver.
INFO - 2024-02-20 13:10:47 --> Session: Class initialized using 'CodeIgniter\Session\Handlers\FileHandler' driver.
INFO - 2024-02-20 13:13:59 --> Session: Class initialized using 'CodeIgniter\Session\Handlers\FileHandler' driver.
INFO - 2024-02-20 13:14:12 --> Session: Class initialized using 'CodeIgniter\Session\Handlers\FileHandler' driver.
INFO - 2024-02-20 13:14:30 --> Session: Class initialized using 'CodeIgniter\Session\Handlers\FileHandler' driver.
INFO - 2024-02-20 13:18:09 --> Session: Class initialized using 'CodeIgniter\Session\Handlers\FileHandler' driver.
INFO - 2024-02-20 13:37:02 --> Session: Class initialized using 'CodeIgniter\Session\Handlers\FileHandler' driver.
INFO - 2024-02-20 13:37:06 --> Session: Class initialized using 'CodeIgniter\Session\Handlers\FileHandler' driver.
INFO - 2024-02-20 13:37:37 --> Session: Class initialized using 'CodeIgniter\Session\Handlers\FileHandler' driver.
CRITICAL - 2024-02-20 13:49:10 --> Error: Undefined constant "App\Models\this"
in APPPATH\Models\ModelBook.php on line 14.
 1 APPPATH\Controllers\Book.php(20): App\Models\ModelBook->getAllData()
 2 SYSTEMPATH\CodeIgniter.php(941): App\Controllers\Book->index()
 3 SYSTEMPATH\CodeIgniter.php(502): CodeIgniter\CodeIgniter->runController(Object(App\Controllers\Book))
 4 SYSTEMPATH\CodeIgniter.php(361): CodeIgniter\CodeIgniter->handleRequest(null, Object(Config\Cache), false)
 5 FCPATH\index.php(79): CodeIgniter\CodeIgniter->run()
 6 SYSTEMPATH\Commands\Server\rewrite.php(47): require_once('C:\\xampp\\htdocs\\UNIBOOKSTORE\\public\\index.php')
INFO - 2024-02-20 13:49:38 --> Session: Class initialized using 'CodeIgniter\Session\Handlers\FileHandler' driver.
INFO - 2024-02-20 13:51:18 --> Session: Class initialized using 'CodeIgniter\Session\Handlers\FileHandler' driver.
INFO - 2024-02-20 13:51:24 --> Session: Class initialized using 'CodeIgniter\Session\Handlers\FileHandler' driver.
INFO - 2024-02-20 13:54:02 --> Session: Class initialized using 'CodeIgniter\Session\Handlers\FileHandler' driver.
INFO - 2024-02-20 13:56:02 --> Session: Class initialized using 'CodeIgniter\Session\Handlers\FileHandler' driver.
INFO - 2024-02-20 14:20:30 --> Session: Class initialized using 'CodeIgniter\Session\Handlers\FileHandler' driver.
INFO - 2024-02-20 14:21:52 --> Session: Class initialized using 'CodeIgniter\Session\Handlers\FileHandler' driver.
INFO - 2024-02-20 14:30:34 --> Session: Class initialized using 'CodeIgniter\Session\Handlers\FileHandler' driver.
INFO - 2024-02-20 15:24:22 --> Session: Class initialized using 'CodeIgniter\Session\Handlers\FileHandler' driver.
INFO - 2024-02-20 23:15:57 --> Session: Class initialized using 'CodeIgniter\Session\Handlers\FileHandler' driver.
INFO - 2024-02-20 23:20:57 --> Session: Class initialized using 'CodeIgniter\Session\Handlers\FileHandler' driver.
INFO - 2024-02-20 23:23:28 --> Session: Class initialized using 'CodeIgniter\Session\Handlers\FileHandler' driver.
INFO - 2024-02-20 23:23:29 --> Session: Class initialized using 'CodeIgniter\Session\Handlers\FileHandler' driver.
INFO - 2024-02-20 23:23:31 --> Session: Class initialized using 'CodeIgniter\Session\Handlers\FileHandler' driver.
INFO - 2024-02-20 23:24:33 --> Session: Class initialized using 'CodeIgniter\Session\Handlers\FileHandler' driver.
INFO - 2024-02-20 23:25:51 --> Session: Class initialized using 'CodeIgniter\Session\Handlers\FileHandler' driver.
INFO - 2024-02-20 23:26:42 --> Session: Class initialized using 'CodeIgniter\Session\Handlers\FileHandler' driver.
INFO - 2024-02-20 23:26:49 --> Session: Class initialized using 'CodeIgniter\Session\Handlers\FileHandler' driver.
INFO - 2024-02-20 23:35:25 --> Session: Class initialized using 'CodeIgniter\Session\Handlers\FileHandler' driver.
INFO - 2024-02-20 23:35:29 --> Session: Class initialized using 'CodeIgniter\Session\Handlers\FileHandler' driver.
INFO - 2024-02-20 23:35:33 --> Session: Class initialized using 'CodeIgniter\Session\Handlers\FileHandler' driver.
INFO - 2024-02-20 23:35:47 --> Session: Class initialized using 'CodeIgniter\Session\Handlers\FileHandler' driver.
INFO - 2024-02-20 23:35:50 --> Session: Class initialized using 'CodeIgniter\Session\Handlers\FileHandler' driver.
INFO - 2024-02-20 23:42:58 --> Session: Class initialized using 'CodeIgniter\Session\Handlers\FileHandler' driver.
INFO - 2024-02-20 23:42:59 --> Session: Class initialized using 'CodeIgniter\Session\Handlers\FileHandler' driver.
INFO - 2024-02-20 23:44:28 --> Session: Class initialized using 'CodeIgniter\Session\Handlers\FileHandler' driver.
INFO - 2024-02-20 23:44:29 --> Session: Class initialized using 'CodeIgniter\Session\Handlers\FileHandler' driver.
INFO - 2024-02-20 23:44:33 --> Session: Class initialized using 'CodeIgniter\Session\Handlers\FileHandler' driver.
INFO - 2024-02-20 23:47:46 --> Session: Class initialized using 'CodeIgniter\Session\Handlers\FileHandler' driver.
INFO - 2024-02-20 23:47:47 --> Session: Class initialized using 'CodeIgniter\Session\Handlers\FileHandler' driver.
INFO - 2024-02-20 23:47:48 --> Session: Class initialized using 'CodeIgniter\Session\Handlers\FileHandler' driver.
INFO - 2024-02-20 23:47:53 --> Session: Class initialized using 'CodeIgniter\Session\Handlers\FileHandler' driver.
INFO - 2024-02-20 23:47:56 --> Session: Class initialized using 'CodeIgniter\Session\Handlers\FileHandler' driver.
INFO - 2024-02-20 23:48:37 --> Session: Class initialized using 'CodeIgniter\Session\Handlers\FileHandler' driver.
INFO - 2024-02-20 23:48:39 --> Session: Class initialized using 'CodeIgniter\Session\Handlers\FileHandler' driver.
INFO - 2024-02-20 23:50:20 --> Session: Class initialized using 'CodeIgniter\Session\Handlers\FileHandler' driver.
INFO - 2024-02-20 23:54:51 --> Session: Class initialized using 'CodeIgniter\Session\Handlers\FileHandler' driver.
INFO - 2024-02-20 23:54:52 --> Session: Class initialized using 'CodeIgniter\Session\Handlers\FileHandler' driver.
INFO - 2024-02-20 23:54:53 --> Session: Class initialized using 'CodeIgniter\Session\Handlers\FileHandler' driver.
CRITICAL - 2024-02-20 23:54:54 --> CodeIgniter\View\Exceptions\ViewException: Invalid file: "book/admin/addBook.php"
in SYSTEMPATH\Exceptions\FrameworkException.php on line 39.
 1 SYSTEMPATH\View\View.php(216): CodeIgniter\Exceptions\FrameworkException::forInvalidFile('book/admin/addBook.php')
 2 SYSTEMPATH\Common.php(1178): CodeIgniter\View\View->render('book/admin/addBook', [], true)
 3 APPPATH\Controllers\Book.php(37): view('book/admin/addBook', [...])
 4 SYSTEMPATH\CodeIgniter.php(941): App\Controllers\Book->add()
 5 SYSTEMPATH\CodeIgniter.php(502): CodeIgniter\CodeIgniter->runController(Object(App\Controllers\Book))
 6 SYSTEMPATH\CodeIgniter.php(361): CodeIgniter\CodeIgniter->handleRequest(null, Object(Config\Cache), false)
 7 FCPATH\index.php(79): CodeIgniter\CodeIgniter->run()
 8 SYSTEMPATH\Commands\Server\rewrite.php(47): require_once('C:\\xampp\\htdocs\\UNIBOOKSTORE\\public\\index.php')
CRITICAL - 2024-02-20 23:55:12 --> CodeIgniter\View\Exceptions\ViewException: Invalid file: "book/admin/addBook.php"
in SYSTEMPATH\Exceptions\FrameworkException.php on line 39.
 1 SYSTEMPATH\View\View.php(216): CodeIgniter\Exceptions\FrameworkException::forInvalidFile('book/admin/addBook.php')
 2 SYSTEMPATH\Common.php(1178): CodeIgniter\View\View->render('book/admin/addBook', [], true)
 3 APPPATH\Controllers\Book.php(37): view('book/admin/addBook', [...])
 4 SYSTEMPATH\CodeIgniter.php(941): App\Controllers\Book->add()
 5 SYSTEMPATH\CodeIgniter.php(502): CodeIgniter\CodeIgniter->runController(Object(App\Controllers\Book))
 6 SYSTEMPATH\CodeIgniter.php(361): CodeIgniter\CodeIgniter->handleRequest(null, Object(Config\Cache), false)
 7 FCPATH\index.php(79): CodeIgniter\CodeIgniter->run()
 8 SYSTEMPATH\Commands\Server\rewrite.php(47): require_once('C:\\xampp\\htdocs\\UNIBOOKSTORE\\public\\index.php')
INFO - 2024-02-20 23:55:13 --> Session: Class initialized using 'CodeIgniter\Session\Handlers\FileHandler' driver.
INFO - 2024-02-20 23:55:14 --> Session: Class initialized using 'CodeIgniter\Session\Handlers\FileHandler' driver.
